<?xml version="1.0" encoding="UTF-8"?>
<!-- Generated by org.testng.reporters.JUnitXMLReporter -->
<testsuite ignored="2" hostname="DESKTOP-NG1F73B" failures="0" tests="2" name="Test-Runner2" time="86.714" errors="0" timestamp="2023-02-11T13:12:03 IST">
  <testcase classname="vtiger.Contacts.TestScripts.CreateContactWithOrganization" name="createContactWithOrgTest" time="40.798"/>
  <testcase classname="vtiger.Contacts.TestScripts.CreateContact" name="createContactTest" time="13.27"/>
  <testcase classname="genericUtilities.BaseClasss" name="@BeforeSuite bsConfig" time="0.0">
    <ignored/>
  </testcase> <!-- @BeforeSuite bsConfig -->
  <testcase classname="genericUtilities.BaseClasss" name="@AfterSuite asConfig" time="0.0">
    <ignored/>
  </testcase> <!-- @AfterSuite asConfig -->
</testsuite> <!-- Test-Runner2 -->
