<?xml version="1.0" encoding="UTF-8"?>
<!-- Generated by org.testng.reporters.JUnitXMLReporter -->
<testsuite ignored="2" hostname="DESKTOP-NG1F73B" failures="0" tests="2" name="Test-Runner-Chrome" time="61.324" errors="0" timestamp="2023-02-11T15:01:27 IST">
  <testcase classname="vtiger.Organizations.TestScripts.CreateOrganizationWithIndustry" name="createOrgWithIndustryTest" time="12.913"/>
  <testcase classname="vtiger.Contacts.TestScripts.CreateContactWithOrganization" name="createContactWithOrgTest" time="27.586"/>
  <testcase classname="genericUtilities.BaseClasss" name="@BeforeSuite bsConfig" time="0.0">
    <ignored/>
  </testcase> <!-- @BeforeSuite bsConfig -->
  <testcase classname="genericUtilities.BaseClasss" name="@AfterSuite asConfig" time="0.0">
    <ignored/>
  </testcase> <!-- @AfterSuite asConfig -->
</testsuite> <!-- Test-Runner-Chrome -->
