<?xml version="1.0" encoding="UTF-8"?>
<!-- Generated by org.testng.reporters.JUnitReportReporter -->
<testsuite hostname="DESKTOP-NG1F73B" failures="0" tests="1" name="vtiger.Contacts.TestScripts.CreateContactWithOrganization" time="38.593" errors="0" timestamp="2023-02-12T17:30:22 IST" skipped="0">
  <testcase classname="vtiger.Contacts.TestScripts.CreateContactWithOrganization" name="createContactWithOrgTest" time="38.593"/>
  <system-out>
    <![CDATA[Clicked on organizations link
Clicked on create organization lookup image
Organization created
[ ACC317 ] Wipro423 - Organization Information===>Organization created
Clicked on contacts link
Clicked on created contact lookup image
Contact created with lastname & orgname
[ CON50 ] Nikam - Contact Information===>PASS]]>
  </system-out>
</testsuite> <!-- vtiger.Contacts.TestScripts.CreateContactWithOrganization -->
