<?xml version="1.0" encoding="UTF-8"?>
<!-- Generated by org.testng.reporters.JUnitReportReporter -->
<testsuite hostname="DESKTOP-NG1F73B" failures="0" tests="2" name="vtiger.Practice.DataProviderPractice" time="0.031" errors="0" timestamp="2023-02-10T22:33:18 IST" skipped="0">
  <testcase classname="vtiger.Practice.DataProviderPractice" name="addProductToCartTest" time="0.028"/>
  <system-out/>
  <testcase classname="vtiger.Practice.DataProviderPractice" name="addProductToCartTest" time="0.003"/>
  <system-out/>
</testsuite> <!-- vtiger.Practice.DataProviderPractice -->
