<?xml version="1.0" encoding="UTF-8"?>
<!-- Generated by org.testng.reporters.JUnitReportReporter -->
<testsuite hostname="DESKTOP-NG1F73B" failures="0" tests="1" name="vtiger.Organizations.TestScripts.CreateOrganizationWithDDTTest" time="22.728" errors="0" timestamp="2023-02-09T23:14:44 IST" skipped="0">
  <testcase classname="vtiger.Organizations.TestScripts.CreateOrganizationWithDDTTest" name="createOrgWithDDTTest" time="22.728"/>
  <system-out/>
</testsuite> <!-- vtiger.Organizations.TestScripts.CreateOrganizationWithDDTTest -->
