<?xml version="1.0" encoding="UTF-8"?>
<!-- Generated by org.testng.reporters.JUnitReportReporter -->
<testsuite hostname="DESKTOP-NG1F73B" failures="0" tests="5" name="vtiger.Organizations.TestScripts.CreateMultipleOrganizations" time="86.815" errors="0" timestamp="2023-02-10T22:05:49 IST" skipped="0">
  <testcase classname="vtiger.Organizations.TestScripts.CreateMultipleOrganizations" name="createMultipleOrgTest" time="17.097"/>
  <system-out>
    <![CDATA[Clicked on homepage link
Clicked on create organization lookup image
Organization created with orgname & industry
[ ACC275 ] Amdoc525 - Organization Information===>PASS]]>
  </system-out>
  <testcase classname="vtiger.Organizations.TestScripts.CreateMultipleOrganizations" name="createMultipleOrgTest" time="17.129"/>
  <system-out>
    <![CDATA[Clicked on homepage link
Clicked on create organization lookup image
Organization created with orgname & industry
[ ACC277 ] Infosys492 - Organization Information===>PASS]]>
  </system-out>
  <testcase classname="vtiger.Organizations.TestScripts.CreateMultipleOrganizations" name="createMultipleOrgTest" time="18.095"/>
  <system-out>
    <![CDATA[Clicked on homepage link
Clicked on create organization lookup image
Organization created with orgname & industry
[ ACC276 ] Accenture737 - Organization Information===>PASS]]>
  </system-out>
  <testcase classname="vtiger.Organizations.TestScripts.CreateMultipleOrganizations" name="createMultipleOrgTest" time="16.473"/>
  <system-out>
    <![CDATA[Clicked on homepage link
Clicked on create organization lookup image
Organization created with orgname & industry
[ ACC278 ] All States554 - Organization Information===>PASS]]>
  </system-out>
  <testcase classname="vtiger.Organizations.TestScripts.CreateMultipleOrganizations" name="createMultipleOrgTest" time="18.021"/>
  <system-out>
    <![CDATA[Clicked on homepage link
Clicked on create organization lookup image
Organization created with orgname & industry
[ ACC274 ] HDFC888 - Organization Information===>PASS]]>
  </system-out>
</testsuite> <!-- vtiger.Organizations.TestScripts.CreateMultipleOrganizations -->
