<?xml version="1.0" encoding="UTF-8"?>
<!-- Generated by org.testng.reporters.JUnitReportReporter -->
<testsuite hostname="DESKTOP-NG1F73B" failures="0" tests="1" name="vtiger.Contacts.TestScripts.CreateContact" time="24.667" errors="0" timestamp="2023-02-12T17:30:22 IST" skipped="0">
  <testcase classname="vtiger.Contacts.TestScripts.CreateContact" name="createContactTest" time="24.667"/>
  <system-out>
    <![CDATA[Clicked on contacts link
Clicked on create contact lookup image
Contact created with last name
[ CON51 ] Nikam - Contact Information===>PASS]]>
  </system-out>
</testsuite> <!-- vtiger.Contacts.TestScripts.CreateContact -->
