<?xml version="1.0" encoding="UTF-8"?>
<!-- Generated by org.testng.reporters.JUnitReportReporter -->
<testsuite hostname="DESKTOP-NG1F73B" failures="0" tests="1" name="vtiger.Organizations.TestScripts.CreateOrganizationWithIndustry" time="24.265" errors="0" timestamp="2023-02-12T17:30:22 IST" skipped="0">
  <testcase classname="vtiger.Organizations.TestScripts.CreateOrganizationWithIndustry" name="createOrgWithIndustryTest" time="24.265"/>
  <system-out>
    <![CDATA[Clicked on organizations link
Clicked on created organization lookup image
Organization created with orgname and industry
[ ACC316 ] Amdocs1908 - Organization Information===>PASS]]>
  </system-out>
</testsuite> <!-- vtiger.Organizations.TestScripts.CreateOrganizationWithIndustry -->
