<?xml version="1.0" encoding="UTF-8"?>
<!-- Generated by org.testng.reporters.JUnitReportReporter -->
<testsuite hostname="DESKTOP-NG1F73B" failures="0" tests="1" name="vtiger.Organizations.TestScripts.CreateOrganizationWithDDT" time="24.833" errors="0" timestamp="2023-02-05T22:08:11 IST" skipped="0">
  <testcase classname="vtiger.Organizations.TestScripts.CreateOrganizationWithDDT" name="createOrgWithDDTTest" time="24.833"/>
  <system-out/>
</testsuite> <!-- vtiger.Organizations.TestScripts.CreateOrganizationWithDDT -->
