<?xml version="1.0" encoding="UTF-8"?>
<!-- Generated by org.testng.reporters.JUnitReportReporter -->
<testsuite hostname="DESKTOP-NG1F73B" failures="0" tests="1" name="vtiger.Organizations.TestScripts.CreateOrganization" time="22.895" errors="0" timestamp="2023-02-12T17:30:22 IST" skipped="0">
  <testcase classname="vtiger.Organizations.TestScripts.CreateOrganization" name="createOrgWithDDTTest" time="22.895"/>
  <system-out>
    <![CDATA[Clicked on organizations link
Clicked on organizations lookup image
Organization created with orgname
[ ACC318 ] Wipro670 - Organization Information===>PASS]]>
  </system-out>
</testsuite> <!-- vtiger.Organizations.TestScripts.CreateOrganization -->
